#
# There is insufficient memory for the Java Runtime Environment to continue.
# Native memory allocation (malloc) failed to allocate 945776 bytes for Chunk::new
# Possible reasons:
#   The system is out of physical RAM or swap space
#   In 32 bit mode, the process size limit was hit
# Possible solutions:
#   Reduce memory load on the system
#   Increase physical memory or swap space
#   Check if swap backing store is full
#   Use 64 bit Java on a 64 bit OS
#   Decrease Java heap size (-Xmx/-Xms)
#   Decrease number of Java threads
#   Decrease Java thread stack sizes (-Xss)
#   Set larger code cache with -XX:ReservedCodeCacheSize=
# This output file may be truncated or incomplete.
#
#  Out of Memory Error (allocation.cpp:390), pid=10996, tid=0x000000000000282c
#
# JRE version: OpenJDK Runtime Environment (8.0_152-b01) (build 1.8.0_152-release-1248-b01)
# Java VM: OpenJDK 64-Bit Server VM (25.152-b01 mixed mode windows-amd64 compressed oops)
# Failed to write core dump. Minidumps are not enabled by default on client versions of Windows
#

---------------  T H R E A D  ---------------

Current thread (0x00000000087af000):  JavaThread "C2 CompilerThread0" daemon [_thread_in_native, id=10284, stack(0x0000000008ff0000,0x00000000090f0000)]

Stack: [0x0000000008ff0000,0x00000000090f0000]
[error occurred during error reporting (printing stack bounds), id 0xc0000005]

Native frames: (J=compiled Java code, j=interpreted, Vv=VM code, C=native code)


Current CompileTask:
C2:  41114 5502       4       org.apache.ivy.core.IvyPatternHelper::substituteVariables (213 bytes)


---------------  P R O C E S S  ---------------

Java Threads: ( => current thread )
  0x000000000dcb8800 JavaThread "File lock release action executor" [_thread_blocked, id=2708, stack(0x0000000021260000,0x0000000021360000)]
  0x000000000dcb8000 JavaThread "Build operations Thread 4" [_thread_blocked, id=11232, stack(0x00000000210d0000,0x00000000211d0000)]
  0x000000000dcb7000 JavaThread "Build operations Thread 3" [_thread_in_native, id=11060, stack(0x0000000020f00000,0x0000000021000000)]
  0x0000000009a0a000 JavaThread "Build operations Thread 2" [_thread_blocked, id=3092, stack(0x000000000fc70000,0x000000000fd70000)]
  0x0000000009a09000 JavaThread "Build operations" [_thread_in_native, id=7120, stack(0x000000000feb0000,0x000000000ffb0000)]
  0x0000000009a06000 JavaThread "Cache worker for Artifact transforms cache (C:\Users\CS\.gradle\caches\transforms-1)" [_thread_blocked, id=7456, stack(0x000000000fd80000,0x000000000fe80000)]
  0x0000000009a03000 JavaThread "Cache worker for file hash cache (F:\AppWork\jm(0)\.gradle\4.6\fileHashes)" [_thread_blocked, id=728, stack(0x000000000bbb0000,0x000000000bcb0000)]
  0x0000000009c1c800 JavaThread "File lock request listener" [_thread_in_native, id=4384, stack(0x000000000e170000,0x000000000e270000)]
  0x000000000ab79800 JavaThread "Cache worker for file hash cache (C:\Users\CS\.gradle\caches\4.6\fileHashes)" [_thread_blocked, id=5408, stack(0x000000000e070000,0x000000000e170000)]
  0x0000000009e5b000 JavaThread "Stdin handler" [_thread_blocked, id=1160, stack(0x000000000bd10000,0x000000000be10000)]
  0x0000000009e59000 JavaThread "Asynchronous log dispatcher for DefaultDaemonConnection: socket connection from /127.0.0.1:4697 to /127.0.0.1:4698" [_thread_blocked, id=9604, stack(0x0000000009490000,0x0000000009590000)]
  0x0000000009e53800 JavaThread "Daemon worker" [_thread_in_native, id=1060, stack(0x000000000baa0000,0x000000000bba0000)]
  0x0000000009e53000 JavaThread "Cancel handler" [_thread_blocked, id=8080, stack(0x000000000b930000,0x000000000ba30000)]
  0x00000000099c5800 JavaThread "Handler for socket connection from /127.0.0.1:4697 to /127.0.0.1:4698" [_thread_in_native, id=6116, stack(0x0000000009150000,0x0000000009250000)]
  0x00000000099c4800 JavaThread "Daemon" [_thread_blocked, id=6836, stack(0x000000000b610000,0x000000000b710000)]
  0x00000000099fd800 JavaThread "Daemon periodic checks" [_thread_blocked, id=6140, stack(0x0000000009f00000,0x000000000a000000)]
  0x0000000009b58000 JavaThread "Incoming local TCP Connector on port 4697" [_thread_in_native, id=10196, stack(0x000000000b420000,0x000000000b520000)]
  0x0000000008825800 JavaThread "Service Thread" daemon [_thread_blocked, id=8348, stack(0x0000000009380000,0x0000000009480000)]
  0x00000000087b6000 JavaThread "C1 CompilerThread2" daemon [_thread_blocked, id=9688, stack(0x0000000009270000,0x0000000009370000)]
  0x000000000759e800 JavaThread "C2 CompilerThread1" daemon [_thread_in_native, id=7636, stack(0x0000000008ef0000,0x0000000008ff0000)]
=>0x00000000087af000 JavaThread "C2 CompilerThread0" daemon [_thread_in_native, id=10284, stack(0x0000000008ff0000,0x00000000090f0000)]
  0x00000000087ae000 JavaThread "Attach Listener" daemon [_thread_blocked, id=5992, stack(0x0000000008d30000,0x0000000008e30000)]
  0x0000000007599000 JavaThread "Signal Dispatcher" daemon [_thread_blocked, id=8728, stack(0x0000000008bc0000,0x0000000008cc0000)]
  0x0000000007578000 JavaThread "Finalizer" daemon [_thread_blocked, id=8740, stack(0x0000000008690000,0x0000000008790000)]
  0x0000000007531000 JavaThread "Reference Handler" daemon [_thread_blocked, id=7288, stack(0x0000000008580000,0x0000000008680000)]
  0x0000000001f4e800 JavaThread "main" [_thread_blocked, id=9880, stack(0x0000000002730000,0x0000000002830000)]

Other Threads:
  0x0000000007529800 VMThread [stack: 0x00000000083c0000,0x00000000084c0000] [id=10180]
  0x00000000087f7800 WatcherThread [stack: 0x0000000009590000,0x0000000009690000] [id=7064]

VM state:not at safepoint (normal execution)

VM Mutex/Monitor currently owned by a thread: None

Heap:
 PSYoungGen      total 141312K, used 112166K [0x00000000e0000000, 0x00000000ef800000, 0x0000000100000000)
  eden space 130560K, 85% used [0x00000000e0000000,0x00000000e6d89880,0x00000000e7f80000)
  from space 10752K, 0% used [0x00000000e7f80000,0x00000000e7f80000,0x00000000e8a00000)
  to   space 13312K, 0% used [0x00000000eeb00000,0x00000000eeb00000,0x00000000ef800000)
 ParOldGen       total 81920K, used 19818K [0x00000000a0000000, 0x00000000a5000000, 0x00000000e0000000)
  object space 81920K, 24% used [0x00000000a0000000,0x00000000a135a8b8,0x00000000a5000000)
 Metaspace       used 39743K, capacity 40440K, committed 40792K, reserved 1085440K
  class space    used 5170K, capacity 5417K, committed 5504K, reserved 1048576K

Card table byte_map: [0x0000000002bf0000,0x0000000002f00000] byte_map_base: 0x00000000026f0000

Marking Bits: (ParMarkBitMap*) 0x000000005c755aa0
 Begin Bits: [0x00000000038a0000, 0x00000000050a0000)
 End Bits:   [0x00000000050a0000, 0x00000000068a0000)

Polling page: 0x00000000004d0000

CodeCache: size=245760Kb used=17985Kb max_used=17985Kb free=227774Kb
 bounds [0x0000000010040000, 0x00000000111f0000, 0x000000001f040000]
 total_blobs=5673 nmethods=4945 adapters=640
 compilation: enabled

Compilation events (10 events):
Event: 40.811 Thread 0x00000000087b6000 5547       3       org.gradle.internal.resolve.result.DefaultBuildableComponentResolveResult::assertResolved (17 bytes)
Event: 40.811 Thread 0x00000000087b6000 nmethod 5547 0x00000000111e5810 code [0x00000000111e59a0, 0x00000000111e5da8]
Event: 40.824 Thread 0x00000000087b6000 5548       1       org.gradle.internal.component.external.model.DefaultConfigurationMetadata::isTransitive (5 bytes)
Event: 40.824 Thread 0x00000000087b6000 nmethod 5548 0x00000000111d17d0 code [0x00000000111d1920, 0x00000000111d1a30]
Event: 40.824 Thread 0x00000000087b6000 5549       1       org.gradle.internal.component.external.model.MavenDependencyDescriptor::isTransitive (2 bytes)
Event: 40.825 Thread 0x00000000087b6000 nmethod 5549 0x00000000111d1e90 code [0x00000000111d1fe0, 0x00000000111d20f0]
Event: 40.825 Thread 0x00000000087b6000 5551       1       com.google.common.cache.LocalCache$StrongEntry::getNext (5 bytes)
Event: 40.825 Thread 0x00000000087b6000 nmethod 5551 0x00000000111e5f50 code [0x00000000111e60a0, 0x00000000111e61b0]
Event: 40.825 Thread 0x00000000087b6000 5550       3       java.util.ArrayDeque::isEmpty (17 bytes)
Event: 40.825 Thread 0x00000000087b6000 nmethod 5550 0x00000000111e6210 code [0x00000000111e6360, 0x00000000111e6510]

GC Heap History (10 events):
Event: 14.867 GC heap before
{Heap before GC invocations=5 (full 0):
 PSYoungGen      total 71680K, used 27931K [0x00000000e0000000, 0x00000000e4b00000, 0x0000000100000000)
  eden space 66560K, 34% used [0x00000000e0000000,0x00000000e1648648,0x00000000e4100000)
  from space 5120K, 99% used [0x00000000e4600000,0x00000000e4afe660,0x00000000e4b00000)
  to   space 5120K, 0% used [0x00000000e4100000,0x00000000e4100000,0x00000000e4600000)
 ParOldGen       total 87552K, used 6009K [0x00000000a0000000, 0x00000000a5580000, 0x00000000e0000000)
  object space 87552K, 6% used [0x00000000a0000000,0x00000000a05de650,0x00000000a5580000)
 Metaspace       used 20609K, capacity 21102K, committed 21248K, reserved 1067008K
  class space    used 2888K, capacity 3045K, committed 3072K, reserved 1048576K
Event: 14.874 GC heap after
Heap after GC invocations=5 (full 0):
 PSYoungGen      total 71680K, used 5097K [0x00000000e0000000, 0x00000000e9700000, 0x0000000100000000)
  eden space 66560K, 0% used [0x00000000e0000000,0x00000000e0000000,0x00000000e4100000)
  from space 5120K, 99% used [0x00000000e4100000,0x00000000e45fa490,0x00000000e4600000)
  to   space 10752K, 0% used [0x00000000e8c80000,0x00000000e8c80000,0x00000000e9700000)
 ParOldGen       total 87552K, used 9380K [0x00000000a0000000, 0x00000000a5580000, 0x00000000e0000000)
  object space 87552K, 10% used [0x00000000a0000000,0x00000000a0929378,0x00000000a5580000)
 Metaspace       used 20609K, capacity 21102K, committed 21248K, reserved 1067008K
  class space    used 2888K, capacity 3045K, committed 3072K, reserved 1048576K
}
Event: 14.874 GC heap before
{Heap before GC invocations=6 (full 1):
 PSYoungGen      total 71680K, used 5097K [0x00000000e0000000, 0x00000000e9700000, 0x0000000100000000)
  eden space 66560K, 0% used [0x00000000e0000000,0x00000000e0000000,0x00000000e4100000)
  from space 5120K, 99% used [0x00000000e4100000,0x00000000e45fa490,0x00000000e4600000)
  to   space 10752K, 0% used [0x00000000e8c80000,0x00000000e8c80000,0x00000000e9700000)
 ParOldGen       total 87552K, used 9380K [0x00000000a0000000, 0x00000000a5580000, 0x00000000e0000000)
  object space 87552K, 10% used [0x00000000a0000000,0x00000000a0929378,0x00000000a5580000)
 Metaspace       used 20609K, capacity 21102K, committed 21248K, reserved 1067008K
  class space    used 2888K, capacity 3045K, committed 3072K, reserved 1048576K
Event: 14.906 GC heap after
Heap after GC invocations=6 (full 1):
 PSYoungGen      total 71680K, used 0K [0x00000000e0000000, 0x00000000e9700000, 0x0000000100000000)
  eden space 66560K, 0% used [0x00000000e0000000,0x00000000e0000000,0x00000000e4100000)
  from space 5120K, 0% used [0x00000000e4100000,0x00000000e4100000,0x00000000e4600000)
  to   space 10752K, 0% used [0x00000000e8c80000,0x00000000e8c80000,0x00000000e9700000)
 ParOldGen       total 51712K, used 8979K [0x00000000a0000000, 0x00000000a3280000, 0x00000000e0000000)
  object space 51712K, 17% used [0x00000000a0000000,0x00000000a08c4c58,0x00000000a3280000)
 Metaspace       used 20609K, capacity 21102K, committed 21248K, reserved 1067008K
  class space    used 2888K, capacity 3045K, committed 3072K, reserved 1048576K
}
Event: 17.046 GC heap before
{Heap before GC invocations=7 (full 1):
 PSYoungGen      total 71680K, used 66560K [0x00000000e0000000, 0x00000000e9700000, 0x0000000100000000)
  eden space 66560K, 100% used [0x00000000e0000000,0x00000000e4100000,0x00000000e4100000)
  from space 5120K, 0% used [0x00000000e4100000,0x00000000e4100000,0x00000000e4600000)
  to   space 10752K, 0% used [0x00000000e8c80000,0x00000000e8c80000,0x00000000e9700000)
 ParOldGen       total 51712K, used 8979K [0x00000000a0000000, 0x00000000a3280000, 0x00000000e0000000)
  object space 51712K, 17% used [0x00000000a0000000,0x00000000a08c4c58,0x00000000a3280000)
 Metaspace       used 27963K, capacity 28426K, committed 28672K, reserved 1073152K
  class space    used 3817K, capacity 3990K, committed 4096K, reserved 1048576K
Event: 17.056 GC heap after
Heap after GC invocations=7 (full 1):
 PSYoungGen      total 131584K, used 7804K [0x00000000e0000000, 0x00000000e9480000, 0x0000000100000000)
  eden space 123392K, 0% used [0x00000000e0000000,0x00000000e0000000,0x00000000e7880000)
  from space 8192K, 95% used [0x00000000e8c80000,0x00000000e941f3c8,0x00000000e9480000)
  to   space 10752K, 0% used [0x00000000e7f80000,0x00000000e7f80000,0x00000000e8a00000)
 ParOldGen       total 51712K, used 8987K [0x00000000a0000000, 0x00000000a3280000, 0x00000000e0000000)
  object space 51712K, 17% used [0x00000000a0000000,0x00000000a08c6c58,0x00000000a3280000)
 Metaspace       used 27963K, capacity 28426K, committed 28672K, reserved 1073152K
  class space    used 3817K, capacity 3990K, committed 4096K, reserved 1048576K
}
Event: 19.312 GC heap before
{Heap before GC invocations=8 (full 1):
 PSYoungGen      total 131584K, used 114106K [0x00000000e0000000, 0x00000000e9480000, 0x0000000100000000)
  eden space 123392K, 86% used [0x00000000e0000000,0x00000000e67cf4c8,0x00000000e7880000)
  from space 8192K, 95% used [0x00000000e8c80000,0x00000000e941f3c8,0x00000000e9480000)
  to   space 10752K, 0% used [0x00000000e7f80000,0x00000000e7f80000,0x00000000e8a00000)
 ParOldGen       total 51712K, used 8987K [0x00000000a0000000, 0x00000000a3280000, 0x00000000e0000000)
  object space 51712K, 17% used [0x00000000a0000000,0x00000000a08c6c58,0x00000000a3280000)
 Metaspace       used 34790K, capacity 35346K, committed 35416K, reserved 1079296K
  class space    used 4765K, capacity 4940K, committed 4992K, reserved 1048576K
Event: 19.333 GC heap after
Heap after GC invocations=8 (full 1):
 PSYoungGen      total 141312K, used 10733K [0x00000000e0000000, 0x00000000ef800000, 0x0000000100000000)
  eden space 130560K, 0% used [0x00000000e0000000,0x00000000e0000000,0x00000000e7f80000)
  from space 10752K, 99% used [0x00000000e7f80000,0x00000000e89fb558,0x00000000e8a00000)
  to   space 13312K, 0% used [0x00000000eeb00000,0x00000000eeb00000,0x00000000ef800000)
 ParOldGen       total 51712K, used 11972K [0x00000000a0000000, 0x00000000a3280000, 0x00000000e0000000)
  object space 51712K, 23% used [0x00000000a0000000,0x00000000a0bb12f0,0x00000000a3280000)
 Metaspace       used 34790K, capacity 35346K, committed 35416K, reserved 1079296K
  class space    used 4765K, capacity 4940K, committed 4992K, reserved 1048576K
}
Event: 19.333 GC heap before
{Heap before GC invocations=9 (full 2):
 PSYoungGen      total 141312K, used 10733K [0x00000000e0000000, 0x00000000ef800000, 0x0000000100000000)
  eden space 130560K, 0% used [0x00000000e0000000,0x00000000e0000000,0x00000000e7f80000)
  from space 10752K, 99% used [0x00000000e7f80000,0x00000000e89fb558,0x00000000e8a00000)
  to   space 13312K, 0% used [0x00000000eeb00000,0x00000000eeb00000,0x00000000ef800000)
 ParOldGen       total 51712K, used 11972K [0x00000000a0000000, 0x00000000a3280000, 0x00000000e0000000)
  object space 51712K, 23% used [0x00000000a0000000,0x00000000a0bb12f0,0x00000000a3280000)
 Metaspace       used 34790K, capacity 35346K, committed 35416K, reserved 1079296K
  class space    used 4765K, capacity 4940K, committed 4992K, reserved 1048576K
Event: 19.426 GC heap after
Heap after GC invocations=9 (full 2):
 PSYoungGen      total 141312K, used 0K [0x00000000e0000000, 0x00000000ef800000, 0x0000000100000000)
  eden space 130560K, 0% used [0x00000000e0000000,0x00000000e0000000,0x00000000e7f80000)
  from space 10752K, 0% used [0x00000000e7f80000,0x00000000e7f80000,0x00000000e8a00000)
  to   space 13312K, 0% used [0x00000000eeb00000,0x00000000eeb00000,0x00000000ef800000)
 ParOldGen       total 81920K, used 19818K [0x00000000a0000000, 0x00000000a5000000, 0x00000000e0000000)
  object space 81920K, 24% used [0x00000000a0000000,0x00000000a135a8b8,0x00000000a5000000)
 Metaspace       used 34753K, capacity 35298K, committed 35416K, reserved 1079296K
  class space    used 4751K, capacity 4924K, committed 4992K, reserved 1048576K
}

Deoptimization events (10 events):
Event: 30.170 Thread 0x0000000009a0a000 Uncommon trap: reason=unstable_if action=reinterpret pc=0x000000001039502c method=com.sun.org.apache.xerces.internal.impl.XMLEntityScanner.peekChar()I @ 51
Event: 30.170 Thread 0x0000000009a0a000 Uncommon trap: reason=unstable_if action=reinterpret pc=0x0000000010c9db54 method=com.sun.org.apache.xerces.internal.dom.DeferredDocumentImpl.getPrevSibling(IZ)I @ 86
Event: 31.526 Thread 0x0000000009a0a000 Uncommon trap: reason=unstable_if action=reinterpret pc=0x0000000010ecf010 method=com.sun.org.apache.xerces.internal.impl.XMLEntityScanner.checkBeforeLoad(Lcom/sun/xml/internal/stream/Entity$ScannedEntity;II)I @ 18
Event: 31.535 Thread 0x0000000009a0a000 Uncommon trap: reason=unstable_if action=reinterpret pc=0x0000000010b86eb4 method=com.sun.org.apache.xerces.internal.impl.XMLEntityScanner.checkBeforeLoad(Lcom/sun/xml/internal/stream/Entity$ScannedEntity;II)I @ 18
Event: 34.924 Thread 0x0000000009a09000 Uncommon trap: reason=unstable_if action=reinterpret pc=0x0000000010c26474 method=com.sun.org.apache.xerces.internal.impl.io.UTF8Reader.read([CII)I @ 131
Event: 38.067 Thread 0x0000000009e53800 Uncommon trap: reason=unstable_if action=reinterpret pc=0x0000000010ffa2c0 method=org.apache.http.util.CharArrayBuffer.indexOf(III)I @ 46
Event: 38.067 Thread 0x0000000009e53800 Uncommon trap: reason=bimorphic action=maybe_recompile pc=0x00000000108d98ac method=java.util.zip.InflaterInputStream.read([BII)I @ 100
Event: 38.068 Thread 0x0000000009e53800 Uncommon trap: reason=bimorphic action=maybe_recompile pc=0x00000000108d98ac method=java.util.zip.InflaterInputStream.read([BII)I @ 100
Event: 38.068 Thread 0x0000000009e53800 Uncommon trap: reason=bimorphic action=maybe_recompile pc=0x00000000108d98ac method=java.util.zip.InflaterInputStream.read([BII)I @ 100
Event: 38.557 Thread 0x0000000009e53800 Uncommon trap: reason=unstable_if action=reinterpret pc=0x0000000010c75be4 method=com.sun.org.apache.xerces.internal.impl.XMLEntityScanner.scanLiteral(ILcom/sun/org/apache/xerces/internal/xni/XMLString;Z)I @ 587

Classes redefined (0 events):
No events

Internal exceptions (10 events):
Event: 29.856 Thread 0x000000000dcb8000 Exception <a 'java/net/SocketTimeoutException': Read timed out> (0x00000000e3414538) thrown at [D:\src\AOSP-openjdk-cygwin\jdk8u\hotspot\src\share\vm\prims\jni.cpp, line 735]
Event: 30.137 Thread 0x000000000dcb8000 Exception <a 'java/net/SocketTimeoutException': Read timed out> (0x00000000e342b1b0) thrown at [D:\src\AOSP-openjdk-cygwin\jdk8u\hotspot\src\share\vm\prims\jni.cpp, line 735]
Event: 32.734 Thread 0x0000000009a0a000 Exception <a 'java/net/SocketTimeoutException': Read timed out> (0x00000000e47a41c0) thrown at [D:\src\AOSP-openjdk-cygwin\jdk8u\hotspot\src\share\vm\prims\jni.cpp, line 735]
Event: 32.734 Thread 0x000000000dcb8000 Exception <a 'java/net/SocketTimeoutException': Read timed out> (0x00000000e45bf050) thrown at [D:\src\AOSP-openjdk-cygwin\jdk8u\hotspot\src\share\vm\prims\jni.cpp, line 735]
Event: 33.011 Thread 0x0000000009a0a000 Exception <a 'java/net/SocketTimeoutException': Read timed out> (0x00000000e47bd1b0) thrown at [D:\src\AOSP-openjdk-cygwin\jdk8u\hotspot\src\share\vm\prims\jni.cpp, line 735]
Event: 33.024 Thread 0x000000000dcb7000 Exception <a 'java/net/SocketTimeoutException': Read timed out> (0x00000000e4aa2b08) thrown at [D:\src\AOSP-openjdk-cygwin\jdk8u\hotspot\src\share\vm\prims\jni.cpp, line 735]
Event: 36.762 Thread 0x0000000009e53800 Exception <a 'java/net/SocketTimeoutException': Read timed out> (0x00000000e57baf08) thrown at [D:\src\AOSP-openjdk-cygwin\jdk8u\hotspot\src\share\vm\prims\jni.cpp, line 735]
Event: 36.906 Thread 0x0000000009e53800 Exception <a 'java/net/SocketTimeoutException': Read timed out> (0x00000000e57d2ee8) thrown at [D:\src\AOSP-openjdk-cygwin\jdk8u\hotspot\src\share\vm\prims\jni.cpp, line 735]
Event: 38.143 Thread 0x0000000009a0a000 Exception <a 'java/net/SocketTimeoutException': Read timed out> (0x00000000e52c8090) thrown at [D:\src\AOSP-openjdk-cygwin\jdk8u\hotspot\src\share\vm\prims\jni.cpp, line 735]
Event: 38.295 Thread 0x0000000009a0a000 Exception <a 'java/net/SocketTimeoutException': Read timed out> (0x00000000e52ded88) thrown at [D:\src\AOSP-openjdk-cygwin\jdk8u\hotspot\src\share\vm\prims\jni.cpp, line 735]

Events (10 events):
Event: 38.068 Thread 0x0000000009e53800 DEOPT UNPACKING pc=0x000000001008557b sp=0x000000000bb9a3a8 mode 2
Event: 38.068 loading class java/util/zip/GZIPInputStream$1
Event: 38.074 loading class java/util/zip/GZIPInputStream$1 done
Event: 38.557 Thread 0x0000000009e53800 Uncommon trap: trap_request=0xffffff65 fr.pc=0x0000000010c75be4
Event: 38.557 Thread 0x0000000009e53800 DEOPT PACKING pc=0x0000000010c75be4 sp=0x000000000bb99cb0
Event: 38.557 Thread 0x0000000009e53800 DEOPT UNPACKING pc=0x000000001008557b sp=0x000000000bb99c38 mode 2
Event: 39.258 Thread 0x000000000dcb8000 DEOPT PACKING pc=0x0000000010f239b3 sp=0x00000000211cc080
Event: 39.258 Thread 0x000000000dcb8000 DEOPT UNPACKING pc=0x00000000100875d0 sp=0x00000000211cbe00 mode 0
Event: 40.720 loading class org/gradle/api/internal/artifacts/ivyservice/ivyresolve/parser/GradlePomModuleDescriptorBuilder$JarDependencyType
Event: 40.720 loading class org/gradle/api/internal/artifacts/ivyservice/ivyresolve/parser/GradlePomModuleDescriptorBuilder$JarDependencyType done


Dynamic libraries:
0x000000013feb0000 - 0x000000013fee1000 	F:\Android\Android Studio\jre\bin\java.exe
0x0000000077960000 - 0x0000000077aff000 	C:\Windows\SYSTEM32\ntdll.dll
0x0000000077740000 - 0x000000007785f000 	C:\Windows\system32\kernel32.dll
0x000007fefd4d0000 - 0x000007fefd53a000 	C:\Windows\system32\KERNELBASE.dll
0x000007fefe960000 - 0x000007fefea3b000 	C:\Windows\system32\ADVAPI32.dll
0x000007fefecc0000 - 0x000007fefed5f000 	C:\Windows\system32\msvcrt.dll
0x000007fefe540000 - 0x000007fefe55f000 	C:\Windows\SYSTEM32\sechost.dll
0x000007fefd940000 - 0x000007fefda6c000 	C:\Windows\system32\RPCRT4.dll
0x0000000077860000 - 0x000000007795a000 	C:\Windows\system32\USER32.dll
0x000007fefdcf0000 - 0x000007fefdd57000 	C:\Windows\system32\GDI32.dll
0x000007fefe530000 - 0x000007fefe53e000 	C:\Windows\system32\LPK.dll
0x000007fefd870000 - 0x000007fefd93b000 	C:\Windows\system32\USP10.dll
0x000007fefb970000 - 0x000007fefbb65000 	C:\Windows\WinSxS\amd64_microsoft.windows.common-controls_6595b64144ccf1df_6.0.7601.24380_none_e3731d0b30fb6b11\COMCTL32.dll
0x000007fefdc70000 - 0x000007fefdce1000 	C:\Windows\system32\SHLWAPI.dll
0x000007fefd3a0000 - 0x000007fefd3f7000 	C:\Windows\system32\apphelp.dll
0x000007feeefa0000 - 0x000007feeeff3000 	C:\Windows\AppPatch\AppPatch64\AcGenral.DLL
0x000007fefd2c0000 - 0x000007fefd2e5000 	C:\Windows\system32\SspiCli.dll
0x000007fefe760000 - 0x000007fefe95f000 	C:\Windows\system32\ole32.dll
0x000007fefedb0000 - 0x000007feffb3a000 	C:\Windows\system32\SHELL32.dll
0x0000000070660000 - 0x0000000070663000 	C:\Windows\system32\sfc.dll
0x000007fef9690000 - 0x000007fef96a0000 	C:\Windows\system32\sfc_os.DLL
0x000007fefd540000 - 0x000007fefd55e000 	C:\Windows\system32\USERENV.dll
0x000007fefd4b0000 - 0x000007fefd4bf000 	C:\Windows\system32\profapi.dll
0x000007fefabf0000 - 0x000007fefac08000 	C:\Windows\system32\dwmapi.dll
0x000007fef7a60000 - 0x000007fef7a78000 	C:\Windows\system32\MPR.dll
0x000007fefed60000 - 0x000007fefed8e000 	C:\Windows\system32\IMM32.DLL
0x000007feffb40000 - 0x000007feffc49000 	C:\Windows\system32\MSCTF.dll
0x000007fef2fe0000 - 0x000007fef3007000 	C:\Windows\system32\f_im.dll
0x0000000180000000 - 0x0000000180039000 	C:\Program Files\Fasoo DRM\f_nxa.dll
0x0000000061000000 - 0x0000000061181000 	C:\Program Files\Fasoo DRM\f_sps.dll
0x000007fefe680000 - 0x000007fefe75a000 	C:\Windows\system32\OLEAUT32.dll
0x000007fefc290000 - 0x000007fefc2bd000 	C:\Windows\system32\ntmarta.dll
0x000007fefdc10000 - 0x000007fefdc62000 	C:\Windows\system32\WLDAP32.dll
0x0000000010000000 - 0x0000000010033000 	C:\Windows\system32\f_pbrc12.dll
0x000007fefa2e0000 - 0x000007fefa2e7000 	C:\Windows\system32\msimg32.dll
0x000007fefc590000 - 0x000007fefc59c000 	C:\Windows\system32\version.dll
0x000007fef32c0000 - 0x000007fef3331000 	C:\Windows\system32\winspool.drv
0x0000000077b00000 - 0x0000000077b07000 	C:\Windows\system32\psapi.dll
0x000007fefb930000 - 0x000007fefb941000 	C:\Windows\system32\wtsapi32.dll
0x0000000066a30000 - 0x0000000066b02000 	F:\Android\Android Studio\jre\jre\bin\msvcr100.dll
0x000000005bf90000 - 0x000000005c7d1000 	F:\Android\Android Studio\jre\jre\bin\server\jvm.dll
0x000007fef9910000 - 0x000007fef9919000 	C:\Windows\system32\WSOCK32.dll
0x000007fefe4e0000 - 0x000007fefe52d000 	C:\Windows\system32\WS2_32.dll
0x000007fefda70000 - 0x000007fefda78000 	C:\Windows\system32\NSI.dll
0x000007fefad40000 - 0x000007fefad7b000 	C:\Windows\system32\WINMM.dll
0x000007fefc000000 - 0x000007fefc00f000 	F:\Android\Android Studio\jre\jre\bin\verify.dll
0x000007fef7380000 - 0x000007fef73a9000 	F:\Android\Android Studio\jre\jre\bin\java.dll
0x000007fef7360000 - 0x000007fef7376000 	F:\Android\Android Studio\jre\jre\bin\zip.dll
0x000007fef7340000 - 0x000007fef735a000 	F:\Android\Android Studio\jre\jre\bin\net.dll
0x000007fefcc30000 - 0x000007fefcc85000 	C:\Windows\system32\mswsock.dll
0x000007fefcc20000 - 0x000007fefcc27000 	C:\Windows\System32\wship6.dll
0x000007fef7320000 - 0x000007fef7331000 	F:\Android\Android Studio\jre\jre\bin\nio.dll
0x000007fef6b10000 - 0x000007fef6b2e000 	C:\Users\CS\.gradle\native\25\windows-amd64\native-platform.dll
0x000007fefb840000 - 0x000007fefb84d000 	F:\Android\Android Studio\jre\jre\bin\management.dll
0x000007fefcc90000 - 0x000007fefcca8000 	C:\Windows\system32\CRYPTSP.dll
0x000007fefc990000 - 0x000007fefc9d7000 	C:\Windows\system32\rsaenh.dll
0x000007fefd2f0000 - 0x000007fefd2ff000 	C:\Windows\system32\CRYPTBASE.dll
0x000007fefb8d0000 - 0x000007fefb8f7000 	C:\Windows\system32\IPHLPAPI.DLL
0x000007fefb8c0000 - 0x000007fefb8cb000 	C:\Windows\system32\WINNSI.DLL
0x000007fefb6f0000 - 0x000007fefb701000 	C:\Windows\system32\dhcpcsvc6.DLL
0x000007fefb6d0000 - 0x000007fefb6e8000 	C:\Windows\system32\dhcpcsvc.DLL
0x000007fef6b60000 - 0x000007fef6b84000 	F:\Android\Android Studio\jre\jre\bin\sunec.dll
0x000007fefc660000 - 0x000007fefc667000 	C:\Windows\System32\wshtcpip.dll
0x000007fefcab0000 - 0x000007fefcb0b000 	C:\Windows\system32\DNSAPI.dll
0x000007fef7dd0000 - 0x000007fef7dd8000 	C:\Windows\system32\rasadhlp.dll
0x000007fefb780000 - 0x000007fefb7d3000 	C:\Windows\System32\fwpuclnt.dll
0x000007fef6b50000 - 0x000007fef6b5b000 	F:\Android\Android Studio\jre\jre\bin\sunmscapi.dll
0x000007fefd6a0000 - 0x000007fefd80d000 	C:\Windows\system32\CRYPT32.dll
0x000007fefd4c0000 - 0x000007fefd4cf000 	C:\Windows\system32\MSASN1.dll

VM Arguments:
jvm_args: -Xmx1536m -Dfile.encoding=x-windows-949 -Duser.country=KR -Duser.language=ko -Duser.variant 
java_command: org.gradle.launcher.daemon.bootstrap.GradleDaemon 4.6
java_class_path (initial): C:\Users\CS\.gradle\wrapper\dists\gradle-4.6-all\bcst21l2brirad8k2ben1letg\gradle-4.6\lib\gradle-launcher-4.6.jar
Launcher Type: SUN_STANDARD

Environment Variables:
JAVA_HOME=C:\Program Files\Java\jdk1.8.0_121
PATH=C:\Program Files (x86)\Common Files\Oracle\Java\javapath;C:\ProgramData\Oracle\Java\javapath;C:\Windows\system32;C:\Windows;C:\Windows\System32\Wbem;C:\Windows\System32\WindowsPowerShell\v1.0\;C:\Program Files\Java\jdk1.8.0_121\bin;C:\Program Files (x86)\QuickTime\QTSystem\;C:\Program Files\dotnet\;C:\Program Files\Microsoft SQL Server\130\Tools\Binn\;C:\Program Files (x86)\GtkSharp\2.12\bin;C:\Windows\system32\config\systemprofile\.dnx\bin;C:\Program Files\Microsoft DNX\Dnvm\;C:\Program Files\Microsoft SQL Server\120\Tools\Binn\;C:\Program Files\Git\cmd;E:\nodejs\;E:\Microsoft VS Code\bin;C:\Users\CS\AppData\Roaming\npm
USERNAME=CS
OS=Windows_NT
PROCESSOR_IDENTIFIER=Intel64 Family 6 Model 94 Stepping 3, GenuineIntel



---------------  S Y S T E M  ---------------

OS: Windows 7 , 64 bit Build 7601 (6.1.7601.24387)

CPU:total 4 (initial active 4) (4 cores per cpu, 1 threads per core) family 6 model 94 stepping 3, cmov, cx8, fxsr, mmx, sse, sse2, sse3, ssse3, sse4.1, sse4.2, popcnt, avx, avx2, aes, clmul, erms, rtm, 3dnowpref, lzcnt, tsc, tscinvbit, bmi1, bmi2, adx

Memory: 4k page, physical 8265872k(402460k free), swap 8263972k(5584k free)

vm_info: OpenJDK 64-Bit Server VM (25.152-b01) for windows-amd64 JRE (1.8.0_152-release-1248-b01), built by "builder" with MS VC++ 10.0 (VS2010)

time: Wed Mar 20 19:40:10 2019
elapsed time: 41 seconds (0d 0h 0m 41s)

